make all --print-data-base --no-builtin-variables --no-builtin-rules --question
make: *** No rule to make target 'all'.  Stop.
 
# GNU Make 4.2.1
# Built for x86_64-pc-linux-gnu
# Copyright (C) 1988-2016 Free Software Foundation, Inc.
# License GPLv3+: GNU GPL version 3 or later <http://gnu.org/licenses/gpl.html>
# This is free software: you are free to change and redistribute it.
# There is NO WARRANTY, to the extent permitted by law.

# Make data base, printed on Thu Nov  4 07:32:10 2021

# Variables

# 'override' directive
GNUMAKEFLAGS := 
# automatic
<D = $(patsubst %/,%,$(dir $<))
# automatic
?F = $(notdir $?)
# environment
DESKTOP_SESSION = ubuntu
# default
.SHELLFLAGS := -c
# environment
XDG_SESSION_CLASS = user
# environment
SNAP_COMMON = /var/snap/code/common
# environment
XDG_SESSION_TYPE = x11
# environment
VSCODE_LOG_NATIVE = false
# automatic
?D = $(patsubst %/,%,$(dir $?))
# environment
IM_CONFIG_PHASE = 1
# automatic
@D = $(patsubst %/,%,$(dir $@))
# environment
XAUTHORITY = /run/user/1000/gdm/Xauthority
# environment
GDMSESSION = ubuntu
# environment
XMODIFIERS = @im=ibus
# makefile
CURDIR := /home/drake/Desktop/Kattis
# makefile
SHELL = /bin/sh
# environment
SNAP_DATA = /var/snap/code/78
# environment
VSCODE_NLS_CONFIG = {"locale":"en-us","availableLanguages":{},"_languagePackSupport":true}
# environment
JOURNAL_STREAM = 8:54489
# environment
XDG_CONFIG_DIRS = /etc/xdg/xdg-ubuntu:/etc/xdg
# environment
SNAP_INSTANCE_NAME = code
# environment
SNAP_ARCH = amd64
# makefile (from 'Makefile', line 1)
MAKEFILE_LIST :=  Makefile
# automatic
@F = $(notdir $@)
# environment
GIO_LAUNCHED_DESKTOP_FILE = /var/lib/snapd/desktop/applications/code_code.desktop
# environment
USERNAME = drake
# environment
XDG_DATA_DIRS = /usr/share/ubuntu:/usr/local/share/:/usr/share/:/var/lib/snapd/desktop
# environment
DBUS_SESSION_BUS_ADDRESS = unix:path=/run/user/1000/bus
# environment
VSCODE_VERBOSE_LOGGING = true
# environment
_ = /snap/code/78/usr/share/code/code
# environment
MANAGERPID = 1827
# environment
VSCODE_IPC_HOOK_EXTHOST = /run/user/1000/vscode-ipc-59d94e19-54dd-4ba1-96f6-18bd9c4a1b58.sock
# environment
VSCODE_CWD = /home/drake
# environment
GSETTINGS_SCHEMA_DIR = /snap/code/78/usr/share/glib-2.0/schemas
# default
MAKE_HOST := x86_64-pc-linux-gnu
# environment
PATH = /usr/local/sbin:/usr/local/bin:/usr/sbin:/usr/bin:/sbin:/bin:/usr/games:/usr/local/games:/snap/bin
# makefile (from 'Makefile', line 3)
PROGRAM_NAME = main.o
# environment
GPG_AGENT_INFO = /run/user/1000/gnupg/S.gpg-agent:0:1
# environment
SESSION_MANAGER = local/drake-pc:@/tmp/.ICE-unix/2042,unix/drake-pc:/tmp/.ICE-unix/2042
# environment
XDG_RUNTIME_DIR = /run/user/1000
# environment
GDK_PIXBUF_MODULE_FILE = /home/drake/snap/code/common/.cache/gdk-pixbuf-loaders.cache
# environment
SNAP = /snap/code/78
# environment
SNAP_VERSION = 6cba118a
# environment
XDG_MENU_PREFIX = gnome-
# environment
VSCODE_LOG_STACK = false
# environment
DISABLE_WAYLAND = 1
# environment
VSCODE_CRASH_REPORTER_START_OPTIONS = {"companyName":"Microsoft","productName":"VSCode","submitURL":"appcenter://code?aid=fba07a4d-84bd-4fc8-a125-9640fc8ce171&uid=32aa8a71-a139-453c-827f-a659ca03bb40&iid=32aa8a71-a139-453c-827f-a659ca03bb40&sid=32aa8a71-a139-453c-827f-a659ca03bb40","uploadToServer":true}
# environment
INVOCATION_ID = 65eba07b57cd483d82b43c0c491a1ef4
# environment
GDK_PIXBUF_MODULEDIR = /snap/code/78/usr/lib/x86_64-linux-gnu/gdk-pixbuf-2.0/2.10.0/loaders
# default
.FEATURES := target-specific order-only second-expansion else-if shortest-stem undefine oneshell archives jobserver output-sync check-symlink load
# environment
XDG_SESSION_DESKTOP = ubuntu
# environment
SSH_AUTH_SOCK = /run/user/1000/keyring/ssh
# environment
GIO_LAUNCHED_DESKTOP_FILE_PID = 5830
# automatic
%F = $(notdir $%)
# environment
DISPLAY = :1
# environment
VSCODE_PIPE_LOGGING = true
# environment
SNAP_INSTANCE_KEY = 
# environment
PWD = /home/drake/Desktop/Kattis
# makefile (from 'Makefile', line 4)
CPP_FILES = main.cpp 
# default
.LOADED := 
# environment
SSH_AGENT_PID = 2007
# environment
ORIGINAL_XDG_CURRENT_DESKTOP = ubuntu:GNOME
# environment
GTK_MODULES = gail:atk-bridge
# environment
VSCODE_AMD_ENTRYPOINT = vs/workbench/services/extensions/node/extensionHostProcess
# environment
HOME = /home/drake
# environment
VSCODE_CLI = 1
# environment
VSCODE_CODE_CACHE_PATH = /home/drake/.config/Code/CachedData/6cba118ac49a1b88332f312a8f67186f7f3c1643
# environment
LOGNAME = drake
# environment
APPLICATION_INSIGHTS_NO_DIAGNOSTIC_CHANNEL = true
# environment
SNAP_LIBRARY_PATH = /var/lib/snapd/lib/gl:/var/lib/snapd/lib/gl32:/var/lib/snapd/void
# environment
SNAP_CONTEXT = f3MKP_784zQ8bauSnggjho7C0CKrWtIGvp-fcBBBQSqN6SzJQP72
# environment
ELECTRON_NO_ATTACH_CONSOLE = 1
# environment
SNAP_USER_COMMON = /home/drake/snap/code/common
# environment
VSCODE_HANDLES_UNCAUGHT_ERRORS = true
# environment
GNOME_DESKTOP_SESSION_ID = this-is-deprecated
# automatic
^D = $(patsubst %/,%,$(dir $^))
# environment
MAKELEVEL := 0
# environment
SNAP_REAL_HOME = /home/drake
# default
MAKE = $(MAKE_COMMAND)
# default
MAKECMDGOALS := all
# makefile (from 'Makefile', line 2)
COMPILER_FLAGS = -Wall -std=c++17
# environment
QT_IM_MODULE = ibus
# environment
SNAP_USER_DATA = /home/drake/snap/code/78
# environment
SHLVL = 0
# environment
GNOME_SHELL_SESSION_MODE = ubuntu
# default
MAKE_VERSION := 4.2.1
# environment
USER = drake
# environment
SNAP_REVISION = 78
# makefile
.DEFAULT_GOAL := build
# environment
XDG_CURRENT_DESKTOP = Unity
# automatic
%D = $(patsubst %/,%,$(dir $%))
# default
MAKE_COMMAND := make
# default
.VARIABLES := 
# automatic
*F = $(notdir $*)
# environment
VSCODE_IPC_HOOK = /run/user/1000/vscode-95a7764f-1.61.2-main.sock
# environment
BAMF_DESKTOP_FILE_HINT = /var/lib/snapd/desktop/applications/code_code.desktop
# makefile
MAKEFLAGS = pqrR
# environment
MFLAGS = -pqrR
# automatic
*D = $(patsubst %/,%,$(dir $*))
# environment
BREAKPAD_DUMP_LOCATION = /home/drake/.config/Code/exthost Crash Reports
# automatic
+D = $(patsubst %/,%,$(dir $+))
# environment
GDK_BACKEND = x11
# automatic
+F = $(notdir $+)
# environment
QT_ACCESSIBILITY = 1
# makefile (from 'Makefile', line 1)
COMPILER = g++
# default
MAKEFILES := 
# environment
SNAP_COOKIE = f3MKP_784zQ8bauSnggjho7C0CKrWtIGvp-fcBBBQSqN6SzJQP72
# automatic
<F = $(notdir $<)
# environment
ELECTRON_RUN_AS_NODE = 1
# environment
SNAP_NAME = code
# environment
LC_ALL = C
# environment
GJS_DEBUG_TOPICS = JS ERROR;JS LOG
# automatic
^F = $(notdir $^)
# default
SUFFIXES := 
# environment
SNAP_REEXEC = 
# environment
CHROME_DESKTOP = code-url-handler.desktop
# environment
WINDOWPATH = 2
# default
.INCLUDE_DIRS = /usr/include /usr/local/include /usr/include
# environment
GJS_DEBUG_OUTPUT = stderr
# default
.RECIPEPREFIX := 
# environment
LANG = C
# environment
VSCODE_PID = 5874
# variable set hash-table stats:
# Load=123/1024=12%, Rehash=0, Collisions=19/148=13%

# Pattern-specific Variable Values

# No pattern-specific variable values.

# Directories

# . (device 66306, inode 11895578): 11 files, no impossibilities.

# 11 files, no impossibilities in 1 directories.

# Implicit Rules

# No implicit rules.

# Files

# Not a target:
all:
#  Command line target.
#  Implicit rule search has been done.
#  File does not exist.
#  File has not been updated.

t:
#  Implicit rule search has not been done.
#  Modification time never checked.
#  File has not been updated.
#  recipe to execute (from 'Makefile', line 12):
	rm -f $(PROGRAM_NAME) *.o
	$(COMPILER) $(COMPILER_FLAGS) $(CPP_FILES) -o $(PROGRAM_NAME)
	cat 1.in | ./$(PROGRAM_NAME) | diff - 1.ans
	cat 2.in | ./$(PROGRAM_NAME) | diff - 2.ans
	echo "All Kattis sample tests cases passed"

# Not a target:
Makefile:
#  Implicit rule search has been done.
 
#  Last modified 2021-10-11 20:34:41.946056141
#  File has been updated.
#  Successfully updated.

build:
#  Implicit rule search has not been done.
#  Modification time never checked.
#  File has not been updated.
#  recipe to execute (from 'Makefile', line 7):
	rm -f $(PROGRAM_NAME) *.o
	$(COMPILER) $(COMPILER_FLAGS) $(CPP_FILES) -o $(PROGRAM_NAME)
	./$(PROGRAM_NAME)

# Not a target:
.DEFAULT:
#  Implicit rule search has not been done.
#  Modification time never checked.
#  File has not been updated.

clean:
#  Implicit rule search has not been done.
#  Modification time never checked.
#  File has not been updated.
#  recipe to execute (from 'Makefile', line 19):
	rm -f $(PROGRAM_NAME) *.o

# files hash-table stats:
# Load=7/1024=1%, Rehash=0, Collisions=0/17=0%
# VPATH Search Paths

# No 'vpath' search paths.

# No general ('VPATH' variable) search path.

# strcache buffers: 1 (0) / strings = 19 / storage = 137 B / avg = 7 B
# current buf: size = 8162 B / used = 137 B / count = 19 / avg = 7 B

# strcache performance: lookups = 26 / hit rate = 26%
# hash-table stats:
# Load=19/8192=0%, Rehash=0, Collisions=3/26=12%
# Finished Make data base on Thu Nov  4 07:32:10 2021

 
